TN:
SF:/Users/rocket/Projects/Astro/components/src/components/rux-button/rux-button.js
FN:5,(anonymous_0)
FN:14,(anonymous_1)
FN:22,(anonymous_2)
FNF:3
FNH:3
FNDA:1,(anonymous_0)
FNDA:2,(anonymous_1)
FNDA:2,(anonymous_2)
DA:6,1
DA:15,2
DA:16,2
DA:17,2
DA:18,2
DA:19,2
DA:23,2
DA:221,1
LF:8
LH:8
BRDA:206,0,0,0
BRDA:206,0,1,2
BRDA:207,1,0,0
BRDA:207,1,1,2
BRDA:208,2,0,0
BRDA:208,2,1,2
BRDA:213,3,0,0
BRDA:213,3,1,2
BRF:8
BRH:4
end_of_record
TN:
SF:/Users/rocket/Projects/Astro/components/src/components/rux-button/rux-button.test.js
FN:9,(anonymous_0)
FN:10,(anonymous_1)
FN:27,(anonymous_2)
FNF:3
FNH:3
FNDA:1,(anonymous_0)
FNDA:1,(anonymous_1)
FNDA:1,(anonymous_2)
DA:9,1
DA:10,1
DA:11,1
DA:17,1
DA:27,1
DA:28,1
DA:33,1
DA:34,1
LF:8
LH:8
BRF:0
BRH:0
end_of_record
TN:
SF:/Users/rocket/Projects/Astro/components/src/components/rux-clock/rux-clock.js
FN:6,(anonymous_0)
FN:36,(anonymous_1)
FN:49,(anonymous_2)
FN:52,(anonymous_3)
FN:57,(anonymous_4)
FN:69,(anonymous_5)
FN:81,(anonymous_6)
FNF:7
FNH:6
FNDA:1,(anonymous_0)
FNDA:2,(anonymous_1)
FNDA:2,(anonymous_2)
FNDA:0,(anonymous_3)
FNDA:2,(anonymous_4)
FNDA:2,(anonymous_5)
FNDA:2,(anonymous_6)
DA:7,1
DA:37,2
DA:39,2
DA:40,2
DA:41,2
DA:43,2
DA:50,2
DA:52,2
DA:53,0
DA:58,2
DA:59,2
DA:70,2
DA:75,2
DA:82,2
DA:235,1
LF:15
LH:14
BRDA:154,0,0,2
BRDA:154,0,1,0
BRDA:185,1,0,0
BRDA:185,1,1,2
BRDA:205,2,0,0
BRDA:205,2,1,2
BRF:6
BRH:3
end_of_record
TN:
SF:/Users/rocket/Projects/Astro/components/src/components/rux-clock/rux-clock.test.js
FN:9,(anonymous_0)
FN:10,(anonymous_1)
FN:19,(anonymous_2)
FNF:3
FNH:3
FNDA:1,(anonymous_0)
FNDA:1,(anonymous_1)
FNDA:1,(anonymous_2)
DA:9,1
DA:10,1
DA:11,1
DA:16,1
DA:17,1
DA:19,1
DA:20,1
DA:26,1
DA:27,1
DA:28,1
DA:29,1
LF:11
LH:11
BRF:0
BRH:0
end_of_record
TN:
SF:/Users/rocket/Projects/Astro/components/src/components/rux-icon/rux-icon.js
FN:4,(anonymous_0)
FN:4,(anonymous_1)
FN:13,(anonymous_2)
FN:33,(anonymous_3)
FN:41,(anonymous_4)
FN:45,(anonymous_5)
FN:51,(anonymous_6)
FNF:7
FNH:7
FNDA:2,(anonymous_0)
FNDA:2,(anonymous_1)
FNDA:1,(anonymous_2)
FNDA:4,(anonymous_3)
FNDA:2,(anonymous_4)
FNDA:2,(anonymous_5)
FNDA:2,(anonymous_6)
DA:4,2
DA:5,2
DA:6,2
DA:8,0
DA:14,1
DA:34,4
DA:36,4
DA:38,4
DA:42,2
DA:46,2
DA:47,0
DA:52,2
DA:100,1
LF:13
LH:11
BRDA:46,0,0,0
BRDA:46,0,1,2
BRF:2
BRH:1
end_of_record
TN:
SF:/Users/rocket/Projects/Astro/components/src/components/rux-utils/datetime.js
FN:2,(anonymous_0)
FN:8,(anonymous_1)
FN:17,(anonymous_2)
FN:28,(anonymous_3)
FN:35,(anonymous_4)
FNF:5
FNH:4
FNDA:2,(anonymous_0)
FNDA:2,(anonymous_1)
FNDA:2,(anonymous_2)
FNDA:2,(anonymous_3)
FNDA:0,(anonymous_4)
DA:3,2
DA:9,2
DA:10,2
DA:12,2
DA:14,2
DA:18,2
DA:29,2
DA:30,0
DA:32,2
DA:36,0
LF:10
LH:8
BRDA:8,0,0,2
BRDA:9,1,0,2
BRDA:9,1,1,0
BRDA:10,2,0,2
BRDA:10,2,1,0
BRDA:17,3,0,2
BRDA:28,4,0,0
BRDA:28,5,0,0
BRDA:28,6,0,0
BRDA:29,7,0,0
BRDA:29,7,1,2
BRDA:35,8,0,0
BRF:12
BRH:5
end_of_record
